Release 14.7 - xst P.20131013 (lin64)
Copyright (c) 1995-2013 Xilinx, Inc.  All rights reserved.
--> 
Parameter TMPDIR set to xst/projnav.tmp


Total REAL time to Xst completion: 0.00 secs
Total CPU time to Xst completion: 0.05 secs
 
--> 
Parameter xsthdpdir set to xst


Total REAL time to Xst completion: 0.00 secs
Total CPU time to Xst completion: 0.05 secs
 
--> 
Reading design: banc_mem.prj

TABLE OF CONTENTS
  1) Synthesis Options Summary
  2) HDL Parsing
  3) HDL Elaboration
  4) HDL Synthesis
       4.1) HDL Synthesis Report
  5) Advanced HDL Synthesis
       5.1) Advanced HDL Synthesis Report
  6) Low Level Synthesis
  7) Partition Report
  8) Design Summary
       8.1) Primitive and Black Box Usage
       8.2) Device utilization summary
       8.3) Partition Resource Summary
       8.4) Timing Report
            8.4.1) Clock Information
            8.4.2) Asynchronous Control Signals Information
            8.4.3) Timing Summary
            8.4.4) Timing Details
            8.4.5) Cross Clock Domains Report


=========================================================================
*                      Synthesis Options Summary                        *
=========================================================================
---- Source Parameters
Input File Name                    : "banc_mem.prj"
Ignore Synthesis Constraint File   : NO

---- Target Parameters
Output File Name                   : "banc_mem"
Output Format                      : NGC
Target Device                      : xc6slx16-3-csg324

---- Source Options
Top Module Name                    : banc_mem
Automatic FSM Extraction           : YES
FSM Encoding Algorithm             : Auto
Safe Implementation                : No
FSM Style                          : LUT
RAM Extraction                     : Yes
RAM Style                          : Auto
ROM Extraction                     : Yes
Shift Register Extraction          : YES
ROM Style                          : Auto
Resource Sharing                   : YES
Asynchronous To Synchronous        : NO
Shift Register Minimum Size        : 2
Use DSP Block                      : Auto
Automatic Register Balancing       : No

---- Target Options
LUT Combining                      : Auto
Reduce Control Sets                : Auto
Add IO Buffers                     : YES
Global Maximum Fanout              : 100000
Add Generic Clock Buffer(BUFG)     : 16
Register Duplication               : YES
Optimize Instantiated Primitives   : NO
Use Clock Enable                   : Auto
Use Synchronous Set                : Auto
Use Synchronous Reset              : Auto
Pack IO Registers into IOBs        : Auto
Equivalent register Removal        : YES

---- General Options
Optimization Goal                  : Speed
Optimization Effort                : 1
Power Reduction                    : NO
Keep Hierarchy                     : No
Netlist Hierarchy                  : As_Optimized
RTL Output                         : Yes
Global Optimization                : AllClockNets
Read Cores                         : YES
Write Timing Constraints           : NO
Cross Clock Analysis               : NO
Hierarchy Separator                : /
Bus Delimiter                      : <>
Case Specifier                     : Maintain
Slice Utilization Ratio            : 100
BRAM Utilization Ratio             : 100
DSP48 Utilization Ratio            : 100
Auto BRAM Packing                  : NO
Slice Utilization Ratio Delta      : 5

=========================================================================


=========================================================================
*                          HDL Parsing                                  *
=========================================================================
Parsing VHDL file "/home/gehin/Documents/insa/projects/ProjetSystemInformatique/microprocessor/banc_mem.vhd" into library work
Parsing entity <banc_mem>.
Parsing architecture <Behavioral> of entity <banc_mem>.

=========================================================================
*                            HDL Elaboration                            *
=========================================================================

Elaborating entity <banc_mem> (architecture <Behavioral>) from library <work>.

=========================================================================
*                           HDL Synthesis                               *
=========================================================================

Synthesizing Unit <banc_mem>.
    Related source file is "/home/gehin/Documents/insa/projects/ProjetSystemInformatique/microprocessor/banc_mem.vhd".
    Found 8-bit register for signal <signalTab<254>>.
    Found 8-bit register for signal <signalTab<253>>.
    Found 8-bit register for signal <signalTab<252>>.
    Found 8-bit register for signal <signalTab<251>>.
    Found 8-bit register for signal <signalTab<250>>.
    Found 8-bit register for signal <signalTab<249>>.
    Found 8-bit register for signal <signalTab<248>>.
    Found 8-bit register for signal <signalTab<247>>.
    Found 8-bit register for signal <signalTab<246>>.
    Found 8-bit register for signal <signalTab<245>>.
    Found 8-bit register for signal <signalTab<244>>.
    Found 8-bit register for signal <signalTab<243>>.
    Found 8-bit register for signal <signalTab<242>>.
    Found 8-bit register for signal <signalTab<241>>.
    Found 8-bit register for signal <signalTab<240>>.
    Found 8-bit register for signal <signalTab<239>>.
    Found 8-bit register for signal <signalTab<238>>.
    Found 8-bit register for signal <signalTab<237>>.
    Found 8-bit register for signal <signalTab<236>>.
    Found 8-bit register for signal <signalTab<235>>.
    Found 8-bit register for signal <signalTab<234>>.
    Found 8-bit register for signal <signalTab<233>>.
    Found 8-bit register for signal <signalTab<232>>.
    Found 8-bit register for signal <signalTab<231>>.
    Found 8-bit register for signal <signalTab<230>>.
    Found 8-bit register for signal <signalTab<229>>.
    Found 8-bit register for signal <signalTab<228>>.
    Found 8-bit register for signal <signalTab<227>>.
    Found 8-bit register for signal <signalTab<226>>.
    Found 8-bit register for signal <signalTab<225>>.
    Found 8-bit register for signal <signalTab<224>>.
    Found 8-bit register for signal <signalTab<223>>.
    Found 8-bit register for signal <signalTab<222>>.
    Found 8-bit register for signal <signalTab<221>>.
    Found 8-bit register for signal <signalTab<220>>.
    Found 8-bit register for signal <signalTab<219>>.
    Found 8-bit register for signal <signalTab<218>>.
    Found 8-bit register for signal <signalTab<217>>.
    Found 8-bit register for signal <signalTab<216>>.
    Found 8-bit register for signal <signalTab<215>>.
    Found 8-bit register for signal <signalTab<214>>.
    Found 8-bit register for signal <signalTab<213>>.
    Found 8-bit register for signal <signalTab<212>>.
    Found 8-bit register for signal <signalTab<211>>.
    Found 8-bit register for signal <signalTab<210>>.
    Found 8-bit register for signal <signalTab<209>>.
    Found 8-bit register for signal <signalTab<208>>.
    Found 8-bit register for signal <signalTab<207>>.
    Found 8-bit register for signal <signalTab<206>>.
    Found 8-bit register for signal <signalTab<205>>.
    Found 8-bit register for signal <signalTab<204>>.
    Found 8-bit register for signal <signalTab<203>>.
    Found 8-bit register for signal <signalTab<202>>.
    Found 8-bit register for signal <signalTab<201>>.
    Found 8-bit register for signal <signalTab<200>>.
    Found 8-bit register for signal <signalTab<199>>.
    Found 8-bit register for signal <signalTab<198>>.
    Found 8-bit register for signal <signalTab<197>>.
    Found 8-bit register for signal <signalTab<196>>.
    Found 8-bit register for signal <signalTab<195>>.
    Found 8-bit register for signal <signalTab<194>>.
    Found 8-bit register for signal <signalTab<193>>.
    Found 8-bit register for signal <signalTab<192>>.
    Found 8-bit register for signal <signalTab<191>>.
    Found 8-bit register for signal <signalTab<190>>.
    Found 8-bit register for signal <signalTab<189>>.
    Found 8-bit register for signal <signalTab<188>>.
    Found 8-bit register for signal <signalTab<187>>.
    Found 8-bit register for signal <signalTab<186>>.
    Found 8-bit register for signal <signalTab<185>>.
    Found 8-bit register for signal <signalTab<184>>.
    Found 8-bit register for signal <signalTab<183>>.
    Found 8-bit register for signal <signalTab<182>>.
    Found 8-bit register for signal <signalTab<181>>.
    Found 8-bit register for signal <signalTab<180>>.
    Found 8-bit register for signal <signalTab<179>>.
    Found 8-bit register for signal <signalTab<178>>.
    Found 8-bit register for signal <signalTab<177>>.
    Found 8-bit register for signal <signalTab<176>>.
    Found 8-bit register for signal <signalTab<175>>.
    Found 8-bit register for signal <signalTab<174>>.
    Found 8-bit register for signal <signalTab<173>>.
    Found 8-bit register for signal <signalTab<172>>.
    Found 8-bit register for signal <signalTab<171>>.
    Found 8-bit register for signal <signalTab<170>>.
    Found 8-bit register for signal <signalTab<169>>.
    Found 8-bit register for signal <signalTab<168>>.
    Found 8-bit register for signal <signalTab<167>>.
    Found 8-bit register for signal <signalTab<166>>.
    Found 8-bit register for signal <signalTab<165>>.
    Found 8-bit register for signal <signalTab<164>>.
    Found 8-bit register for signal <signalTab<163>>.
    Found 8-bit register for signal <signalTab<162>>.
    Found 8-bit register for signal <signalTab<161>>.
    Found 8-bit register for signal <signalTab<160>>.
    Found 8-bit register for signal <signalTab<159>>.
    Found 8-bit register for signal <signalTab<158>>.
    Found 8-bit register for signal <signalTab<157>>.
    Found 8-bit register for signal <signalTab<156>>.
    Found 8-bit register for signal <signalTab<155>>.
    Found 8-bit register for signal <signalTab<154>>.
    Found 8-bit register for signal <signalTab<153>>.
    Found 8-bit register for signal <signalTab<152>>.
    Found 8-bit register for signal <signalTab<151>>.
    Found 8-bit register for signal <signalTab<150>>.
    Found 8-bit register for signal <signalTab<149>>.
    Found 8-bit register for signal <signalTab<148>>.
    Found 8-bit register for signal <signalTab<147>>.
    Found 8-bit register for signal <signalTab<146>>.
    Found 8-bit register for signal <signalTab<145>>.
    Found 8-bit register for signal <signalTab<144>>.
    Found 8-bit register for signal <signalTab<143>>.
    Found 8-bit register for signal <signalTab<142>>.
    Found 8-bit register for signal <signalTab<141>>.
    Found 8-bit register for signal <signalTab<140>>.
    Found 8-bit register for signal <signalTab<139>>.
    Found 8-bit register for signal <signalTab<138>>.
    Found 8-bit register for signal <signalTab<137>>.
    Found 8-bit register for signal <signalTab<136>>.
    Found 8-bit register for signal <signalTab<135>>.
    Found 8-bit register for signal <signalTab<134>>.
    Found 8-bit register for signal <signalTab<133>>.
    Found 8-bit register for signal <signalTab<132>>.
    Found 8-bit register for signal <signalTab<131>>.
    Found 8-bit register for signal <signalTab<130>>.
    Found 8-bit register for signal <signalTab<129>>.
    Found 8-bit register for signal <signalTab<128>>.
    Found 8-bit register for signal <signalTab<127>>.
    Found 8-bit register for signal <signalTab<126>>.
    Found 8-bit register for signal <signalTab<125>>.
    Found 8-bit register for signal <signalTab<124>>.
    Found 8-bit register for signal <signalTab<123>>.
    Found 8-bit register for signal <signalTab<122>>.
    Found 8-bit register for signal <signalTab<121>>.
    Found 8-bit register for signal <signalTab<120>>.
    Found 8-bit register for signal <signalTab<119>>.
    Found 8-bit register for signal <signalTab<118>>.
    Found 8-bit register for signal <signalTab<117>>.
    Found 8-bit register for signal <signalTab<116>>.
    Found 8-bit register for signal <signalTab<115>>.
    Found 8-bit register for signal <signalTab<114>>.
    Found 8-bit register for signal <signalTab<113>>.
    Found 8-bit register for signal <signalTab<112>>.
    Found 8-bit register for signal <signalTab<111>>.
    Found 8-bit register for signal <signalTab<110>>.
    Found 8-bit register for signal <signalTab<109>>.
    Found 8-bit register for signal <signalTab<108>>.
    Found 8-bit register for signal <signalTab<107>>.
    Found 8-bit register for signal <signalTab<106>>.
    Found 8-bit register for signal <signalTab<105>>.
    Found 8-bit register for signal <signalTab<104>>.
    Found 8-bit register for signal <signalTab<103>>.
    Found 8-bit register for signal <signalTab<102>>.
    Found 8-bit register for signal <signalTab<101>>.
    Found 8-bit register for signal <signalTab<100>>.
    Found 8-bit register for signal <signalTab<99>>.
    Found 8-bit register for signal <signalTab<98>>.
    Found 8-bit register for signal <signalTab<97>>.
    Found 8-bit register for signal <signalTab<96>>.
    Found 8-bit register for signal <signalTab<95>>.
    Found 8-bit register for signal <signalTab<94>>.
    Found 8-bit register for signal <signalTab<93>>.
    Found 8-bit register for signal <signalTab<92>>.
    Found 8-bit register for signal <signalTab<91>>.
    Found 8-bit register for signal <signalTab<90>>.
    Found 8-bit register for signal <signalTab<89>>.
    Found 8-bit register for signal <signalTab<88>>.
    Found 8-bit register for signal <signalTab<87>>.
    Found 8-bit register for signal <signalTab<86>>.
    Found 8-bit register for signal <signalTab<85>>.
    Found 8-bit register for signal <signalTab<84>>.
    Found 8-bit register for signal <signalTab<83>>.
    Found 8-bit register for signal <signalTab<82>>.
    Found 8-bit register for signal <signalTab<81>>.
    Found 8-bit register for signal <signalTab<80>>.
    Found 8-bit register for signal <signalTab<79>>.
    Found 8-bit register for signal <signalTab<78>>.
    Found 8-bit register for signal <signalTab<77>>.
    Found 8-bit register for signal <signalTab<76>>.
    Found 8-bit register for signal <signalTab<75>>.
    Found 8-bit register for signal <signalTab<74>>.
    Found 8-bit register for signal <signalTab<73>>.
    Found 8-bit register for signal <signalTab<72>>.
    Found 8-bit register for signal <signalTab<71>>.
    Found 8-bit register for signal <signalTab<70>>.
    Found 8-bit register for signal <signalTab<69>>.
    Found 8-bit register for signal <signalTab<68>>.
    Found 8-bit register for signal <signalTab<67>>.
    Found 8-bit register for signal <signalTab<66>>.
    Found 8-bit register for signal <signalTab<65>>.
    Found 8-bit register for signal <signalTab<64>>.
    Found 8-bit register for signal <signalTab<63>>.
    Found 8-bit register for signal <signalTab<62>>.
    Found 8-bit register for signal <signalTab<61>>.
    Found 8-bit register for signal <signalTab<60>>.
    Found 8-bit register for signal <signalTab<59>>.
    Found 8-bit register for signal <signalTab<58>>.
    Found 8-bit register for signal <signalTab<57>>.
    Found 8-bit register for signal <signalTab<56>>.
    Found 8-bit register for signal <signalTab<55>>.
    Found 8-bit register for signal <signalTab<54>>.
    Found 8-bit register for signal <signalTab<53>>.
    Found 8-bit register for signal <signalTab<52>>.
    Found 8-bit register for signal <signalTab<51>>.
    Found 8-bit register for signal <signalTab<50>>.
    Found 8-bit register for signal <signalTab<49>>.
    Found 8-bit register for signal <signalTab<48>>.
    Found 8-bit register for signal <signalTab<47>>.
    Found 8-bit register for signal <signalTab<46>>.
    Found 8-bit register for signal <signalTab<45>>.
    Found 8-bit register for signal <signalTab<44>>.
    Found 8-bit register for signal <signalTab<43>>.
    Found 8-bit register for signal <signalTab<42>>.
    Found 8-bit register for signal <signalTab<41>>.
    Found 8-bit register for signal <signalTab<40>>.
    Found 8-bit register for signal <signalTab<39>>.
    Found 8-bit register for signal <signalTab<38>>.
    Found 8-bit register for signal <signalTab<37>>.
    Found 8-bit register for signal <signalTab<36>>.
    Found 8-bit register for signal <signalTab<35>>.
    Found 8-bit register for signal <signalTab<34>>.
    Found 8-bit register for signal <signalTab<33>>.
    Found 8-bit register for signal <signalTab<32>>.
    Found 8-bit register for signal <signalTab<31>>.
    Found 8-bit register for signal <signalTab<30>>.
    Found 8-bit register for signal <signalTab<29>>.
    Found 8-bit register for signal <signalTab<28>>.
    Found 8-bit register for signal <signalTab<27>>.
    Found 8-bit register for signal <signalTab<26>>.
    Found 8-bit register for signal <signalTab<25>>.
    Found 8-bit register for signal <signalTab<24>>.
    Found 8-bit register for signal <signalTab<23>>.
    Found 8-bit register for signal <signalTab<22>>.
    Found 8-bit register for signal <signalTab<21>>.
    Found 8-bit register for signal <signalTab<20>>.
    Found 8-bit register for signal <signalTab<19>>.
    Found 8-bit register for signal <signalTab<18>>.
    Found 8-bit register for signal <signalTab<17>>.
    Found 8-bit register for signal <signalTab<16>>.
    Found 8-bit register for signal <signalTab<15>>.
    Found 8-bit register for signal <signalTab<14>>.
    Found 8-bit register for signal <signalTab<13>>.
    Found 8-bit register for signal <signalTab<12>>.
    Found 8-bit register for signal <signalTab<11>>.
    Found 8-bit register for signal <signalTab<10>>.
    Found 8-bit register for signal <signalTab<9>>.
    Found 8-bit register for signal <signalTab<8>>.
    Found 8-bit register for signal <signalTab<7>>.
    Found 8-bit register for signal <signalTab<6>>.
    Found 8-bit register for signal <signalTab<5>>.
    Found 8-bit register for signal <signalTab<4>>.
    Found 8-bit register for signal <signalTab<3>>.
    Found 8-bit register for signal <signalTab<2>>.
    Found 8-bit register for signal <signalTab<1>>.
    Found 8-bit register for signal <signalTab<0>>.
    Found 8-bit register for signal <D_OUT>.
    Found 8-bit register for signal <signalTab<255>>.
INFO:Xst:3019 - HDL ADVISOR - 2048 flip-flops were inferred for signal <signalTab>. You may be trying to describe a RAM in a way that is incompatible with block and distributed RAM resources available on Xilinx devices, or with a specific template that is not supported. Please review the Xilinx resources documentation and the XST user manual for coding guidelines. Taking advantage of RAM resources will lead to improved device usage and reduced synthesis time.
    Found 8-bit 256-to-1 multiplexer for signal <Adresse[7]_signalTab[255][7]_wide_mux_257_OUT> created at line 59.
    Summary:
	inferred 2056 D-type flip-flop(s).
	inferred   1 Multiplexer(s).
Unit <banc_mem> synthesized.

=========================================================================
HDL Synthesis Report

Macro Statistics
# Registers                                            : 257
 8-bit register                                        : 257
# Multiplexers                                         : 1
 8-bit 256-to-1 multiplexer                            : 1

=========================================================================

=========================================================================
*                       Advanced HDL Synthesis                          *
=========================================================================


=========================================================================
Advanced HDL Synthesis Report

Macro Statistics
# Registers                                            : 2056
 Flip-Flops                                            : 2056
# Multiplexers                                         : 1
 8-bit 256-to-1 multiplexer                            : 1

=========================================================================

=========================================================================
*                         Low Level Synthesis                           *
=========================================================================

Optimizing unit <banc_mem> ...

Mapping all equations...
Building and optimizing final netlist ...
Found area constraint ratio of 100 (+ 5) on block banc_mem, actual ratio is 37.

Final Macro Processing ...

=========================================================================
Final Register Report

Macro Statistics
# Registers                                            : 2056
 Flip-Flops                                            : 2056

=========================================================================

=========================================================================
*                           Partition Report                            *
=========================================================================

Partition Implementation Status
-------------------------------

  No Partitions were found in this design.

-------------------------------

=========================================================================
*                            Design Summary                             *
=========================================================================

Top Level Output File Name         : banc_mem.ngc

Primitive and Black Box Usage:
------------------------------
# BELS                             : 1484
#      LUT2                        : 1
#      LUT3                        : 19
#      LUT4                        : 256
#      LUT5                        : 256
#      LUT6                        : 544
#      MUXF7                       : 272
#      MUXF8                       : 136
# FlipFlops/Latches                : 2056
#      FD                          : 256
#      FDE                         : 8
#      FDRE                        : 1792
# Clock Buffers                    : 1
#      BUFGP                       : 1
# IO Buffers                       : 26
#      IBUF                        : 18
#      OBUF                        : 8

Device utilization summary:
---------------------------

Selected Device : 6slx16csg324-3 


Slice Logic Utilization: 
 Number of Slice Registers:            2056  out of  18224    11%  
 Number of Slice LUTs:                 1076  out of   9112    11%  
    Number used as Logic:              1076  out of   9112    11%  

Slice Logic Distribution: 
 Number of LUT Flip Flop pairs used:   2242
   Number with an unused Flip Flop:     186  out of   2242     8%  
   Number with an unused LUT:          1166  out of   2242    52%  
   Number of fully used LUT-FF pairs:   890  out of   2242    39%  
   Number of unique control sets:       258

IO Utilization: 
 Number of IOs:                          27
 Number of bonded IOBs:                  27  out of    232    11%  

Specific Feature Utilization:
 Number of BUFG/BUFGCTRLs:                1  out of     16     6%  

---------------------------
Partition Resource Summary:
---------------------------

  No Partitions were found in this design.

---------------------------


=========================================================================
Timing Report

NOTE: THESE TIMING NUMBERS ARE ONLY A SYNTHESIS ESTIMATE.
      FOR ACCURATE TIMING INFORMATION PLEASE REFER TO THE TRACE REPORT
      GENERATED AFTER PLACE-and-ROUTE.

Clock Information:
------------------
-----------------------------------+------------------------+-------+
Clock Signal                       | Clock buffer(FF name)  | Load  |
-----------------------------------+------------------------+-------+
CLK                                | BUFGP                  | 2056  |
-----------------------------------+------------------------+-------+

Asynchronous Control Signals Information:
----------------------------------------
No asynchronous control signals found in this design

Timing Summary:
---------------
Speed Grade: -3

   Minimum period: 3.230ns (Maximum Frequency: 309.588MHz)
   Minimum input arrival time before clock: 6.919ns
   Maximum output required time after clock: 3.597ns
   Maximum combinational path delay: No path found

Timing Details:
---------------
All values displayed in nanoseconds (ns)

=========================================================================
Timing constraint: Default period analysis for Clock 'CLK'
  Clock period: 3.230ns (frequency: 309.588MHz)
  Total number of paths / destination ports: 2304 / 264
-------------------------------------------------------------------------
Delay:               3.230ns (Levels of Logic = 6)
  Source:            signalTab_238_3 (FF)
  Destination:       D_OUT_3 (FF)
  Source Clock:      CLK rising
  Destination Clock: CLK rising

  Data Path: signalTab_238_3 to D_OUT_3
                                Gate     Net
    Cell:in->out      fanout   Delay   Delay  Logical Name (Net Name)
    ----------------------------------------  ------------
     FD:C->Q               2   0.447   0.864  signalTab_238_3 (signalTab_238_3)
     LUT6:I2->O            1   0.203   0.000  Mmux_Adresse[7]_signalTab[255][7]_wide_mux_257_OUT_1121 (Mmux_Adresse[7]_signalTab[255][7]_wide_mux_257_OUT_1121)
     MUXF7:I1->O           1   0.140   0.000  Mmux_Adresse[7]_signalTab[255][7]_wide_mux_257_OUT_10_f7_16 (Mmux_Adresse[7]_signalTab[255][7]_wide_mux_257_OUT_10_f717)
     MUXF8:I1->O           1   0.152   0.827  Mmux_Adresse[7]_signalTab[255][7]_wide_mux_257_OUT_9_f8_12 (Mmux_Adresse[7]_signalTab[255][7]_wide_mux_257_OUT_9_f813)
     LUT6:I2->O            1   0.203   0.000  Mmux_Adresse[7]_signalTab[255][7]_wide_mux_257_OUT_43 (Mmux_Adresse[7]_signalTab[255][7]_wide_mux_257_OUT_43)
     MUXF7:I1->O           1   0.140   0.000  Mmux_Adresse[7]_signalTab[255][7]_wide_mux_257_OUT_3_f7_2 (Mmux_Adresse[7]_signalTab[255][7]_wide_mux_257_OUT_3_f73)
     MUXF8:I1->O           1   0.152   0.000  Mmux_Adresse[7]_signalTab[255][7]_wide_mux_257_OUT_2_f8_2 (Adresse[7]_signalTab[255][7]_wide_mux_257_OUT<3>)
     FDE:D                     0.102          D_OUT_3
    ----------------------------------------
    Total                      3.230ns (1.539ns logic, 1.691ns route)
                                       (47.6% logic, 52.4% route)

=========================================================================
Timing constraint: Default OFFSET IN BEFORE for Clock 'CLK'
  Total number of paths / destination ports: 24040 / 5648
-------------------------------------------------------------------------
Offset:              6.919ns (Levels of Logic = 4)
  Source:            Adresse<2> (PAD)
  Destination:       signalTab_238_3 (FF)
  Destination Clock: CLK rising

  Data Path: Adresse<2> to signalTab_238_3
                                Gate     Net
    Cell:in->out      fanout   Delay   Delay  Logical Name (Net Name)
    ----------------------------------------  ------------
     IBUF:I->O           288   1.222   2.298  Adresse_2_IBUF (Adresse_2_IBUF)
     LUT3:I0->O           32   0.205   1.636  _n2111_inv11 (_n2111_inv1)
     LUT5:I0->O            8   0.203   1.050  _n2117_inv1 (_n2117_inv)
     LUT4:I0->O            1   0.203   0.000  signalTab_237_3_glue_set (signalTab_237_3_glue_set)
     FD:D                      0.102          signalTab_237_3
    ----------------------------------------
    Total                      6.919ns (1.935ns logic, 4.984ns route)
                                       (28.0% logic, 72.0% route)

=========================================================================
Timing constraint: Default OFFSET OUT AFTER for Clock 'CLK'
  Total number of paths / destination ports: 8 / 8
-------------------------------------------------------------------------
Offset:              3.597ns (Levels of Logic = 1)
  Source:            D_OUT_7 (FF)
  Destination:       D_OUT<7> (PAD)
  Source Clock:      CLK rising

  Data Path: D_OUT_7 to D_OUT<7>
                                Gate     Net
    Cell:in->out      fanout   Delay   Delay  Logical Name (Net Name)
    ----------------------------------------  ------------
     FDE:C->Q              1   0.447   0.579  D_OUT_7 (D_OUT_7)
     OBUF:I->O                 2.571          D_OUT_7_OBUF (D_OUT<7>)
    ----------------------------------------
    Total                      3.597ns (3.018ns logic, 0.579ns route)
                                       (83.9% logic, 16.1% route)

=========================================================================

Cross Clock Domains Report:
--------------------------

Clock to Setup on destination clock CLK
---------------+---------+---------+---------+---------+
               | Src:Rise| Src:Fall| Src:Rise| Src:Fall|
Source Clock   |Dest:Rise|Dest:Rise|Dest:Fall|Dest:Fall|
---------------+---------+---------+---------+---------+
CLK            |    3.230|         |         |         |
---------------+---------+---------+---------+---------+

=========================================================================


Total REAL time to Xst completion: 10.00 secs
Total CPU time to Xst completion: 10.01 secs
 
--> 


Total memory usage is 411308 kilobytes

Number of errors   :    0 (   0 filtered)
Number of warnings :    0 (   0 filtered)
Number of infos    :    1 (   0 filtered)

