ISim log file
Running: /home/gehin/Documents/insa/projects/ProjetSystemInformatique/microprocessor/datapath_test_bench_isim_beh.exe -intstyle ise -gui -tclbatch isim.cmd -wdb /home/gehin/Documents/insa/projects/ProjetSystemInformatique/microprocessor/datapath_test_bench_isim_beh.wdb 
ISim P.20131013 (signature 0xfbc00daa)
WARNING: A WEBPACK license was found.
WARNING: Please use Xilinx License Configuration Manager to check out a full ISim license.
WARNING: ISim will run in Lite mode. Please refer to the ISim documentation for more information on the differences between the Lite and the Full version.
This is a Lite version of ISim.
Time resolution is 1 ps
# onerror resume
# wave add /
# run 1000 ns
Simulator is doing circuit initialization process.
at 0 ps: Error: Invalid entry for Ctrl_Alu
Finished circuit initialization process.
at 0 ps: Error: Invalid entry for Ctrl_Alu
at 0 ps: Error: Invalid entry for Ctrl_Alu
at 0 ps: Error: Invalid entry for Ctrl_Alu
at 15 ns(2): Error: Invalid entry for Ctrl_Alu
at 45 ns(2): Error: Invalid entry for Ctrl_Alu
at 45 ns(3): Error: Invalid entry for Ctrl_Alu
at 55 ns(2): Error: Invalid entry for Ctrl_Alu
at 55 ns(3): Error: Invalid entry for Ctrl_Alu
at 85 ns(2): Error: Invalid entry for Ctrl_Alu
at 85 ns(3): Error: Invalid entry for Ctrl_Alu
at 95 ns(3): Error: Invalid entry for Ctrl_Alu
at 105 ns(2): Error: Invalid entry for Ctrl_Alu
at 125 ns(2): Error: Invalid entry for Ctrl_Alu
at 135 ns(3): Error: Invalid entry for Ctrl_Alu
at 165 ns(2): Error: Invalid entry for Ctrl_Alu
at 165 ns(3): Error: Invalid entry for Ctrl_Alu
at 175 ns(2): Error: Invalid entry for Ctrl_Alu
at 175 ns(3): Error: Invalid entry for Ctrl_Alu
# restart
# run 10ns
Simulator is doing circuit initialization process.
at 0 ps: Error: Invalid entry for Ctrl_Alu
Finished circuit initialization process.
at 0 ps: Error: Invalid entry for Ctrl_Alu
at 0 ps: Error: Invalid entry for Ctrl_Alu
at 0 ps: Error: Invalid entry for Ctrl_Alu
# run 10ns
at 15 ns(2): Error: Invalid entry for Ctrl_Alu
# run 10ns
# run 10ns
# run 10ns
at 45 ns(2): Error: Invalid entry for Ctrl_Alu
at 45 ns(3): Error: Invalid entry for Ctrl_Alu
# run 10ns
at 55 ns(2): Error: Invalid entry for Ctrl_Alu
at 55 ns(3): Error: Invalid entry for Ctrl_Alu
# run 10ns
# run 10ns
# run 10ns
at 85 ns(2): Error: Invalid entry for Ctrl_Alu
at 85 ns(3): Error: Invalid entry for Ctrl_Alu
# run 10ns
at 95 ns(3): Error: Invalid entry for Ctrl_Alu
# run 10ns
at 105 ns(2): Error: Invalid entry for Ctrl_Alu
# run 10ns
# run 10ns
at 125 ns(2): Error: Invalid entry for Ctrl_Alu
# run 10ns
at 135 ns(3): Error: Invalid entry for Ctrl_Alu
# run 10ns
# run 10ns
# run 10ns
at 165 ns(2): Error: Invalid entry for Ctrl_Alu
at 165 ns(3): Error: Invalid entry for Ctrl_Alu
# run 10ns
at 175 ns(2): Error: Invalid entry for Ctrl_Alu
at 175 ns(3): Error: Invalid entry for Ctrl_Alu
# run 10ns
# exit 0
