Release 14.7 - xst P.20131013 (lin64)
Copyright (c) 1995-2013 Xilinx, Inc.  All rights reserved.
--> 
Parameter TMPDIR set to xst/projnav.tmp


Total REAL time to Xst completion: 0.00 secs
Total CPU time to Xst completion: 0.05 secs
 
--> 
Parameter xsthdpdir set to xst


Total REAL time to Xst completion: 0.00 secs
Total CPU time to Xst completion: 0.05 secs
 
--> 
Reading design: register_file.prj

TABLE OF CONTENTS
  1) Synthesis Options Summary
  2) HDL Parsing
  3) HDL Elaboration
  4) HDL Synthesis
       4.1) HDL Synthesis Report
  5) Advanced HDL Synthesis
       5.1) Advanced HDL Synthesis Report
  6) Low Level Synthesis
  7) Partition Report
  8) Design Summary
       8.1) Primitive and Black Box Usage
       8.2) Device utilization summary
       8.3) Partition Resource Summary
       8.4) Timing Report
            8.4.1) Clock Information
            8.4.2) Asynchronous Control Signals Information
            8.4.3) Timing Summary
            8.4.4) Timing Details
            8.4.5) Cross Clock Domains Report


=========================================================================
*                      Synthesis Options Summary                        *
=========================================================================
---- Source Parameters
Input File Name                    : "register_file.prj"
Ignore Synthesis Constraint File   : NO

---- Target Parameters
Output File Name                   : "register_file"
Output Format                      : NGC
Target Device                      : xc6slx16-3-csg324

---- Source Options
Top Module Name                    : register_file
Automatic FSM Extraction           : YES
FSM Encoding Algorithm             : Auto
Safe Implementation                : No
FSM Style                          : LUT
RAM Extraction                     : Yes
RAM Style                          : Auto
ROM Extraction                     : Yes
Shift Register Extraction          : YES
ROM Style                          : Auto
Resource Sharing                   : YES
Asynchronous To Synchronous        : NO
Shift Register Minimum Size        : 2
Use DSP Block                      : Auto
Automatic Register Balancing       : No

---- Target Options
LUT Combining                      : Auto
Reduce Control Sets                : Auto
Add IO Buffers                     : YES
Global Maximum Fanout              : 100000
Add Generic Clock Buffer(BUFG)     : 16
Register Duplication               : YES
Optimize Instantiated Primitives   : NO
Use Clock Enable                   : Auto
Use Synchronous Set                : Auto
Use Synchronous Reset              : Auto
Pack IO Registers into IOBs        : Auto
Equivalent register Removal        : YES

---- General Options
Optimization Goal                  : Speed
Optimization Effort                : 1
Power Reduction                    : NO
Keep Hierarchy                     : No
Netlist Hierarchy                  : As_Optimized
RTL Output                         : Yes
Global Optimization                : AllClockNets
Read Cores                         : YES
Write Timing Constraints           : NO
Cross Clock Analysis               : NO
Hierarchy Separator                : /
Bus Delimiter                      : <>
Case Specifier                     : Maintain
Slice Utilization Ratio            : 100
BRAM Utilization Ratio             : 100
DSP48 Utilization Ratio            : 100
Auto BRAM Packing                  : NO
Slice Utilization Ratio Delta      : 5

=========================================================================


=========================================================================
*                          HDL Parsing                                  *
=========================================================================
Parsing VHDL file "/home/gehin/Documents/insa/projects/ProjetSystemInformatique/microprocessor/register_file.vhd" into library work
Parsing entity <register_file>.
Parsing architecture <Behavioral> of entity <register_file>.

=========================================================================
*                            HDL Elaboration                            *
=========================================================================

Elaborating entity <register_file> (architecture <Behavioral>) from library <work>.

=========================================================================
*                           HDL Synthesis                               *
=========================================================================

Synthesizing Unit <register_file>.
    Related source file is "/home/gehin/Documents/insa/projects/ProjetSystemInformatique/microprocessor/register_file.vhd".
    Found 8-bit register for signal <QB>.
    Found 8-bit register for signal <registers<0>>.
    Found 8-bit register for signal <registers<1>>.
    Found 8-bit register for signal <registers<2>>.
    Found 8-bit register for signal <registers<3>>.
    Found 8-bit register for signal <registers<4>>.
    Found 8-bit register for signal <registers<5>>.
    Found 8-bit register for signal <registers<6>>.
    Found 8-bit register for signal <registers<7>>.
    Found 8-bit register for signal <registers<8>>.
    Found 8-bit register for signal <registers<9>>.
    Found 8-bit register for signal <registers<10>>.
    Found 8-bit register for signal <registers<11>>.
    Found 8-bit register for signal <registers<12>>.
    Found 8-bit register for signal <registers<13>>.
    Found 8-bit register for signal <registers<14>>.
    Found 8-bit register for signal <registers<15>>.
    Found 8-bit register for signal <QA>.
    Found 8-bit 16-to-1 multiplexer for signal <A_Address[3]_registers[15][7]_wide_mux_0_OUT> created at line 56.
    Found 8-bit 16-to-1 multiplexer for signal <B_Address[3]_registers[15][7]_wide_mux_1_OUT> created at line 57.
    Found 4-bit comparator equal for signal <W_Address[3]_A_Address[3]_equal_36_o> created at line 63
    Found 4-bit comparator equal for signal <W_Address[3]_B_Address[3]_equal_38_o> created at line 66
    Summary:
	inferred 144 D-type flip-flop(s).
	inferred   2 Comparator(s).
	inferred   4 Multiplexer(s).
Unit <register_file> synthesized.

=========================================================================
HDL Synthesis Report

Macro Statistics
# Registers                                            : 18
 8-bit register                                        : 18
# Comparators                                          : 2
 4-bit comparator equal                                : 2
# Multiplexers                                         : 4
 8-bit 16-to-1 multiplexer                             : 2
 8-bit 2-to-1 multiplexer                              : 2

=========================================================================

=========================================================================
*                       Advanced HDL Synthesis                          *
=========================================================================


=========================================================================
Advanced HDL Synthesis Report

Macro Statistics
# Registers                                            : 144
 Flip-Flops                                            : 144
# Comparators                                          : 2
 4-bit comparator equal                                : 2
# Multiplexers                                         : 18
 1-bit 16-to-1 multiplexer                             : 16
 8-bit 2-to-1 multiplexer                              : 2

=========================================================================

=========================================================================
*                         Low Level Synthesis                           *
=========================================================================

Optimizing unit <register_file> ...

Mapping all equations...
Building and optimizing final netlist ...
Found area constraint ratio of 100 (+ 5) on block register_file, actual ratio is 2.

Final Macro Processing ...

=========================================================================
Final Register Report

Macro Statistics
# Registers                                            : 144
 Flip-Flops                                            : 144

=========================================================================

=========================================================================
*                           Partition Report                            *
=========================================================================

Partition Implementation Status
-------------------------------

  No Partitions were found in this design.

-------------------------------

=========================================================================
*                            Design Summary                             *
=========================================================================

Top Level Output File Name         : register_file.ngc

Primitive and Black Box Usage:
------------------------------
# BELS                             : 132
#      LUT4                        : 2
#      LUT5                        : 32
#      LUT6                        : 66
#      MUXF7                       : 32
# FlipFlops/Latches                : 144
#      FD                          : 16
#      FDRE                        : 128
# Clock Buffers                    : 1
#      BUFGP                       : 1
# IO Buffers                       : 38
#      IBUF                        : 22
#      OBUF                        : 16

Device utilization summary:
---------------------------

Selected Device : 6slx16csg324-3 


Slice Logic Utilization: 
 Number of Slice Registers:             144  out of  18224     0%  
 Number of Slice LUTs:                  100  out of   9112     1%  
    Number used as Logic:               100  out of   9112     1%  

Slice Logic Distribution: 
 Number of LUT Flip Flop pairs used:    186
   Number with an unused Flip Flop:      42  out of    186    22%  
   Number with an unused LUT:            86  out of    186    46%  
   Number of fully used LUT-FF pairs:    58  out of    186    31%  
   Number of unique control sets:        17

IO Utilization: 
 Number of IOs:                          39
 Number of bonded IOBs:                  39  out of    232    16%  

Specific Feature Utilization:
 Number of BUFG/BUFGCTRLs:                1  out of     16     6%  

---------------------------
Partition Resource Summary:
---------------------------

  No Partitions were found in this design.

---------------------------


=========================================================================
Timing Report

NOTE: THESE TIMING NUMBERS ARE ONLY A SYNTHESIS ESTIMATE.
      FOR ACCURATE TIMING INFORMATION PLEASE REFER TO THE TRACE REPORT
      GENERATED AFTER PLACE-and-ROUTE.

Clock Information:
------------------
-----------------------------------+------------------------+-------+
Clock Signal                       | Clock buffer(FF name)  | Load  |
-----------------------------------+------------------------+-------+
CLK                                | BUFGP                  | 144   |
-----------------------------------+------------------------+-------+

Asynchronous Control Signals Information:
----------------------------------------
No asynchronous control signals found in this design

Timing Summary:
---------------
Speed Grade: -3

   Minimum period: 2.643ns (Maximum Frequency: 378.344MHz)
   Minimum input arrival time before clock: 5.443ns
   Maximum output required time after clock: 3.597ns
   Maximum combinational path delay: No path found

Timing Details:
---------------
All values displayed in nanoseconds (ns)

=========================================================================
Timing constraint: Default period analysis for Clock 'CLK'
  Clock period: 2.643ns (frequency: 378.344MHz)
  Total number of paths / destination ports: 256 / 16
-------------------------------------------------------------------------
Delay:               2.643ns (Levels of Logic = 3)
  Source:            registers_6_0 (FF)
  Destination:       QB_0 (FF)
  Source Clock:      CLK rising
  Destination Clock: CLK rising

  Data Path: registers_6_0 to QB_0
                                Gate     Net
    Cell:in->out      fanout   Delay   Delay  Logical Name (Net Name)
    ----------------------------------------  ------------
     FDRE:C->Q             2   0.447   0.864  registers_6_0 (registers_6_0)
     LUT6:I2->O            1   0.203   0.000  mux_51 (mux_51)
     MUXF7:I1->O           1   0.140   0.684  mux_4_f7 (mux_4_f7)
     LUT5:I3->O            1   0.203   0.000  Mmux_A_Address[3]_DATA[7]_mux_36_OUT11 (A_Address[3]_DATA[7]_mux_36_OUT<0>)
     FD:D                      0.102          QA_0
    ----------------------------------------
    Total                      2.643ns (1.095ns logic, 1.548ns route)
                                       (41.4% logic, 58.6% route)

=========================================================================
Timing constraint: Default OFFSET IN BEFORE for Clock 'CLK'
  Total number of paths / destination ports: 1232 / 400
-------------------------------------------------------------------------
Offset:              5.443ns (Levels of Logic = 4)
  Source:            B_Address<0> (PAD)
  Destination:       QB_0 (FF)
  Destination Clock: CLK rising

  Data Path: B_Address<0> to QB_0
                                Gate     Net
    Cell:in->out      fanout   Delay   Delay  Logical Name (Net Name)
    ----------------------------------------  ------------
     IBUF:I->O            33   1.222   1.553  B_Address_0_IBUF (B_Address_0_IBUF)
     LUT4:I0->O            1   0.203   0.924  W_W_Address[3]_AND_33_o_SW0 (N4)
     LUT6:I1->O            8   0.203   1.031  W_W_Address[3]_AND_33_o (W_W_Address[3]_AND_33_o)
     LUT5:I2->O            1   0.205   0.000  Mmux_B_Address[3]_DATA[7]_mux_38_OUT81 (B_Address[3]_DATA[7]_mux_38_OUT<7>)
     FD:D                      0.102          QB_7
    ----------------------------------------
    Total                      5.443ns (1.935ns logic, 3.508ns route)
                                       (35.6% logic, 64.4% route)

=========================================================================
Timing constraint: Default OFFSET OUT AFTER for Clock 'CLK'
  Total number of paths / destination ports: 16 / 16
-------------------------------------------------------------------------
Offset:              3.597ns (Levels of Logic = 1)
  Source:            QA_7 (FF)
  Destination:       QA<7> (PAD)
  Source Clock:      CLK rising

  Data Path: QA_7 to QA<7>
                                Gate     Net
    Cell:in->out      fanout   Delay   Delay  Logical Name (Net Name)
    ----------------------------------------  ------------
     FD:C->Q               1   0.447   0.579  QA_7 (QA_7)
     OBUF:I->O                 2.571          QA_7_OBUF (QA<7>)
    ----------------------------------------
    Total                      3.597ns (3.018ns logic, 0.579ns route)
                                       (83.9% logic, 16.1% route)

=========================================================================

Cross Clock Domains Report:
--------------------------

Clock to Setup on destination clock CLK
---------------+---------+---------+---------+---------+
               | Src:Rise| Src:Fall| Src:Rise| Src:Fall|
Source Clock   |Dest:Rise|Dest:Rise|Dest:Fall|Dest:Fall|
---------------+---------+---------+---------+---------+
CLK            |    2.643|         |         |         |
---------------+---------+---------+---------+---------+

=========================================================================


Total REAL time to Xst completion: 6.00 secs
Total CPU time to Xst completion: 5.37 secs
 
--> 


Total memory usage is 397336 kilobytes

Number of errors   :    0 (   0 filtered)
Number of warnings :    0 (   0 filtered)
Number of infos    :    0 (   0 filtered)

