Command line:
   banc_mem_isim_beh.exe
     -simmode  gui
     -simrunnum  0
     -socket  57195

Tue May 19 11:44:39 2020


 Elaboration Time: 0.03 sec

 Current Memory Usage: 198.496 Meg

 Total Signals          : 7
 Total Nets             : 2075
 Total Signal Drivers   : 2
 Total Blocks           : 3
 Total Primitive Blocks : 3
 Total Processes        : 1
 Total Traceable Variables  : 13
 Total Scalar Nets and Variables : 2558
Total Line Count : 6
Total Line Count : 6

 Total Simulation Time: 0.04 sec

 Current Memory Usage: 273.998 Meg

Tue May 19 11:44:56 2020

